Making check in gphoto-m4
make[1]: Entering directory `/tmp/_build-status-gphoto/gphoto2/_b/gphoto-m4'
make[1]: Nothing to be done for `check'.
make[1]: Leaving directory `/tmp/_build-status-gphoto/gphoto2/_b/gphoto-m4'
Making check in contrib
make[1]: Entering directory `/tmp/_build-status-gphoto/gphoto2/_b/contrib'
make[1]: Nothing to be done for `check'.
make[1]: Leaving directory `/tmp/_build-status-gphoto/gphoto2/_b/contrib'
Making check in doc
make[1]: Entering directory `/tmp/_build-status-gphoto/gphoto2/_b/doc'
make[1]: Nothing to be done for `check'.
make[1]: Leaving directory `/tmp/_build-status-gphoto/gphoto2/_b/doc'
Making check in gphoto2
make[1]: Entering directory `/tmp/_build-status-gphoto/gphoto2/_b/gphoto2'
make  spawntest
make[2]: Entering directory `/tmp/_build-status-gphoto/gphoto2/_b/gphoto2'
gcc -DHAVE_CONFIG_H -I. -I../../gphoto2 -I..  -DLOCALEDIR=\"/tmp/_build-status-gphoto/PREFIX/share/locale\" -D_GPHOTO2_INTERNAL_CODE   -g -O2 -Wall -Wmissing-declarations -Wmissing-prototypes -g -MT spawntest.o -MD -MP -MF .deps/spawntest.Tpo -c -o spawntest.o ../../gphoto2/spawntest.c
gcc -DHAVE_CONFIG_H -I. -I../../gphoto2 -I..  -DLOCALEDIR=\"/tmp/_build-status-gphoto/PREFIX/share/locale\" -D_GPHOTO2_INTERNAL_CODE   -g -O2 -Wall -Wmissing-declarations -Wmissing-prototypes -g -MT spawnve.o -MD -MP -MF .deps/spawnve.Tpo -c -o spawnve.o ../../gphoto2/spawnve.c
mv -f .deps/spawntest.Tpo .deps/spawntest.Po
mv -f .deps/spawnve.Tpo .deps/spawnve.Po
/bin/sh ../libtool  --tag=CC   --mode=link gcc  -g -O2 -Wall -Wmissing-declarations -Wmissing-prototypes -g  -g -o spawntest spawntest.o spawnve.o  -lm 
libtool: link: gcc -g -O2 -Wall -Wmissing-declarations -Wmissing-prototypes -g -g -o spawntest spawntest.o spawnve.o  -lm
make[2]: Leaving directory `/tmp/_build-status-gphoto/gphoto2/_b/gphoto2'
make  check-TESTS
make[2]: Entering directory `/tmp/_build-status-gphoto/gphoto2/_b/gphoto2'
make[3]: Entering directory `/tmp/_build-status-gphoto/gphoto2/_b/gphoto2'
PASS: spawntest
make[4]: Entering directory `/tmp/_build-status-gphoto/gphoto2/_b/gphoto2'
make[4]: Nothing to be done for `all'.
make[4]: Leaving directory `/tmp/_build-status-gphoto/gphoto2/_b/gphoto2'
============================================================================
Testsuite summary for gphoto2 command line interface 2.5.2.1
============================================================================
# TOTAL: 1
# PASS:  1
# SKIP:  0
# XFAIL: 0
# FAIL:  0
# XPASS: 0
# ERROR: 0
============================================================================
make[3]: Leaving directory `/tmp/_build-status-gphoto/gphoto2/_b/gphoto2'
make[2]: Leaving directory `/tmp/_build-status-gphoto/gphoto2/_b/gphoto2'
make[1]: Leaving directory `/tmp/_build-status-gphoto/gphoto2/_b/gphoto2'
Making check in packaging
make[1]: Entering directory `/tmp/_build-status-gphoto/gphoto2/_b/packaging'
Making check in rpm
make[2]: Entering directory `/tmp/_build-status-gphoto/gphoto2/_b/packaging/rpm'
make[2]: Nothing to be done for `check'.
make[2]: Leaving directory `/tmp/_build-status-gphoto/gphoto2/_b/packaging/rpm'
make[2]: Entering directory `/tmp/_build-status-gphoto/gphoto2/_b/packaging'
make[2]: Nothing to be done for `check-am'.
make[2]: Leaving directory `/tmp/_build-status-gphoto/gphoto2/_b/packaging'
make[1]: Leaving directory `/tmp/_build-status-gphoto/gphoto2/_b/packaging'
Making check in po
make[1]: Entering directory `/tmp/_build-status-gphoto/gphoto2/_b/po'
make[1]: Nothing to be done for `check'.
make[1]: Leaving directory `/tmp/_build-status-gphoto/gphoto2/_b/po'
Making check in tests
make[1]: Entering directory `/tmp/_build-status-gphoto/gphoto2/_b/tests'
Making check in data
make[2]: Entering directory `/tmp/_build-status-gphoto/gphoto2/_b/tests/data'
make[2]: Nothing to be done for `check'.
make[2]: Leaving directory `/tmp/_build-status-gphoto/gphoto2/_b/tests/data'
Making check in staging
make[2]: Entering directory `/tmp/_build-status-gphoto/gphoto2/_b/tests/staging'
Making check in subdir1
make[3]: Entering directory `/tmp/_build-status-gphoto/gphoto2/_b/tests/staging/subdir1'
make[3]: Nothing to be done for `check'.
make[3]: Leaving directory `/tmp/_build-status-gphoto/gphoto2/_b/tests/staging/subdir1'
Making check in subdir2
make[3]: Entering directory `/tmp/_build-status-gphoto/gphoto2/_b/tests/staging/subdir2'
make[3]: Nothing to be done for `check'.
make[3]: Leaving directory `/tmp/_build-status-gphoto/gphoto2/_b/tests/staging/subdir2'
make[3]: Entering directory `/tmp/_build-status-gphoto/gphoto2/_b/tests/staging'
make[3]: Nothing to be done for `check-am'.
make[3]: Leaving directory `/tmp/_build-status-gphoto/gphoto2/_b/tests/staging'
make[2]: Leaving directory `/tmp/_build-status-gphoto/gphoto2/_b/tests/staging'
make[2]: Entering directory `/tmp/_build-status-gphoto/gphoto2/_b/tests'
make  check-TESTS
make[3]: Entering directory `/tmp/_build-status-gphoto/gphoto2/_b/tests'
make[4]: Entering directory `/tmp/_build-status-gphoto/gphoto2/_b/tests'
FAIL: testsuite
make[5]: Entering directory `/tmp/_build-status-gphoto/gphoto2/_b/tests'
Making all in data
make[6]: Entering directory `/tmp/_build-status-gphoto/gphoto2/_b/tests/data'
make[6]: Nothing to be done for `all'.
make[6]: Leaving directory `/tmp/_build-status-gphoto/gphoto2/_b/tests/data'
Making all in staging
make[6]: Entering directory `/tmp/_build-status-gphoto/gphoto2/_b/tests/staging'
Making all in subdir1
make[7]: Entering directory `/tmp/_build-status-gphoto/gphoto2/_b/tests/staging/subdir1'
make[7]: Nothing to be done for `all'.
make[7]: Leaving directory `/tmp/_build-status-gphoto/gphoto2/_b/tests/staging/subdir1'
Making all in subdir2
make[7]: Entering directory `/tmp/_build-status-gphoto/gphoto2/_b/tests/staging/subdir2'
make[7]: Nothing to be done for `all'.
make[7]: Leaving directory `/tmp/_build-status-gphoto/gphoto2/_b/tests/staging/subdir2'
make[7]: Entering directory `/tmp/_build-status-gphoto/gphoto2/_b/tests/staging'
make[7]: Nothing to be done for `all-am'.
make[7]: Leaving directory `/tmp/_build-status-gphoto/gphoto2/_b/tests/staging'
make[6]: Leaving directory `/tmp/_build-status-gphoto/gphoto2/_b/tests/staging'
make[6]: Entering directory `/tmp/_build-status-gphoto/gphoto2/_b/tests'
make[6]: Nothing to be done for `all-am'.
make[6]: Leaving directory `/tmp/_build-status-gphoto/gphoto2/_b/tests'
make[5]: Leaving directory `/tmp/_build-status-gphoto/gphoto2/_b/tests'
============================================================================
Testsuite summary for gphoto2 command line interface 2.5.2.1
============================================================================
# TOTAL: 1
# PASS:  0
# SKIP:  0
# XFAIL: 0
# FAIL:  1
# XPASS: 0
# ERROR: 0
============================================================================
See tests/test-suite.log
Please report to gphoto-devel@lists.sourceforge.net
============================================================================
make[4]: *** [test-suite.log] Error 1
make[4]: Leaving directory `/tmp/_build-status-gphoto/gphoto2/_b/tests'
make[3]: *** [check-TESTS] Error 2
make[3]: Leaving directory `/tmp/_build-status-gphoto/gphoto2/_b/tests'
make[2]: *** [check-am] Error 2
make[2]: Leaving directory `/tmp/_build-status-gphoto/gphoto2/_b/tests'
make[1]: *** [check-recursive] Error 1
make[1]: Leaving directory `/tmp/_build-status-gphoto/gphoto2/_b/tests'
make: *** [check-recursive] Error 1
